default routing 
cp network id:0, throughput:13566.6666667
egress:0 bw:183.333333333
egress:1 bw:6600.0
cp network id:1, throughput:13566.6666667
egress:0 bw:183.333333333
egress:1 bw:6600.0
independent routing
isp network id:0, throughput:20852.1711965
egress:10000 bw:9967.27272727
egress:0 bw:8.6941580756
egress:2 bw:0.0
egress:1 bw:418.181818182
isp network id:1, throughput:20852.1711965
egress:0 bw:8.6941580756
egress:10000 bw:10031.1465167
egress:2 bw:0.0
egress:1 bw:418.181818182
negotiate routing
throughput:0negotiate routing
throughput:0negotiate routing
throughput:0negotiate routing
throughput:0negotiate routing
throughput:0negotiate routing
throughput:0negotiate routing
throughput:0negotiate routing
throughput:0negotiate routing
throughput:0negotiate routing
throughput:0negotiate routing
throughput:0negotiate routing
throughput:23297.3883162